[debug] [2023-09-23T08:58:10.712Z] ----------------------------------------------------------------------
[debug] [2023-09-23T08:58:10.716Z] Command:       C:\Program Files\nodejs\node.exe C:\Users\DELL\AppData\Roaming\npm\node_modules\firebase-tools\lib\bin\firebase.js init
[debug] [2023-09-23T08:58:10.716Z] CLI Version:   12.5.4
[debug] [2023-09-23T08:58:10.717Z] Platform:      win32
[debug] [2023-09-23T08:58:10.717Z] Node Version:  v18.18.0
[debug] [2023-09-23T08:58:10.720Z] Time:          Sat Sep 23 2023 14:28:10 GMT+0530 (India Standard Time)
[debug] [2023-09-23T08:58:10.721Z] ----------------------------------------------------------------------
[debug] 
[debug] [2023-09-23T08:58:10.745Z] > command requires scopes: ["email","openid","https://www.googleapis.com/auth/cloudplatformprojects.readonly","https://www.googleapis.com/auth/firebase","https://www.googleapis.com/auth/cloud-platform"]
[debug] [2023-09-23T08:58:10.746Z] > authorizing via signed-in user (ksundip750@gmail.com)
[info] 
     ######## #### ########  ######## ########     ###     ######  ########
     ##        ##  ##     ## ##       ##     ##  ##   ##  ##       ##
     ######    ##  ########  ######   ########  #########  ######  ######
     ##        ##  ##    ##  ##       ##     ## ##     ##       ## ##
     ##       #### ##     ## ######## ########  ##     ##  ######  ########

You're about to initialize a Firebase project in this directory:

  C:\Users\DELL\Desktop\Qoutes Genarator

[info] 
=== Project Setup
[info] 
[info] First, let's associate this project directory with a Firebase project.
[info] You can create multiple project aliases by running firebase use --add, 
[info] but for now we'll just set up a default project.
[info] 
